Copyright 1986-2016 Xilinx, Inc. All Rights Reserved.
---------------------------------------------------------------------------------------------------------------------
| Tool Version : Vivado v.2016.4 (lin64) Build 1756540 Mon Jan 23 19:11:19 MST 2017
| Date         : Fri Sep  8 21:05:42 2017
| Host         : steven-900X3N running 64-bit Ubuntu 16.04.2 LTS
| Command      : report_methodology -file Encoder_methodology_drc_routed.rpt -rpx Encoder_methodology_drc_routed.rpx
| Design       : Encoder
| Device       : xc7k70tfbv676-1
| Speed File   : -1
| Design State : Routed
---------------------------------------------------------------------------------------------------------------------

Report Methodology

Table of Contents
-----------------
1. REPORT SUMMARY
2. REPORT DETAILS

1. REPORT SUMMARY
-----------------
            Netlist: netlist
          Floorplan: design_1
      Design limits: <entire design considered>
             Max violations: <unlimited>
             Violations found: 0
+------+----------+-------------+------------+
| Rule | Severity | Description | Violations |
+------+----------+-------------+------------+
+------+----------+-------------+------------+

2. REPORT DETAILS
-----------------

