
*** Running vivado
    with args -log Encoder.vdi -applog -m64 -product Vivado -messageDb vivado.pb -mode batch -source Encoder.tcl -notrace


****** Vivado v2016.4 (64-bit)
  **** SW Build 1756540 on Mon Jan 23 19:11:19 MST 2017
  **** IP Build 1755317 on Mon Jan 23 20:30:07 MST 2017
    ** Copyright 1986-2016 Xilinx, Inc. All Rights Reserved.

source Encoder.tcl -notrace
Design is defaulting to srcset: sources_1
Design is defaulting to constrset: constrs_1
INFO: [Netlist 29-17] Analyzing 4 Unisim elements for replacement
INFO: [Netlist 29-28] Unisim Transformation completed in 0 CPU seconds
INFO: [Project 1-479] Netlist was created with Vivado 2016.4
INFO: [Device 21-403] Loading part xc7k70tfbv676-1
INFO: [Project 1-570] Preparing netlist for logic optimization
INFO: [Opt 31-138] Pushed 0 inverter(s) to 0 load pin(s).
INFO: [Project 1-111] Unisim Transformation Summary:
No Unisim elements were transformed.

INFO: [Vivado_Tcl 4-424] Cannot write hardware definition file as there are no IPI block design hardware handoff files present
Command: opt_design
Attempting to get a license for feature 'Implementation' and/or device 'xc7k70t'
INFO: [Common 17-349] Got license for feature 'Implementation' and/or device 'xc7k70t'
Running DRC as a precondition to command opt_design

Starting DRC Task
INFO: [DRC 23-27] Running DRC with 4 threads
INFO: [Project 1-461] DRC finished with 0 Errors
INFO: [Project 1-462] Please refer to the DRC report (report_drc) for more information.

Time (s): cpu = 00:00:00.07 ; elapsed = 00:00:00.07 . Memory (MB): peak = 1292.762 ; gain = 39.016 ; free physical = 2980 ; free virtual = 13364
INFO: [Timing 38-35] Done setting XDC timing constraints.

Starting Logic Optimization Task
Implement Debug Cores | Checksum: 14e1011c9

Phase 1 Retarget
INFO: [Opt 31-138] Pushed 0 inverter(s) to 0 load pin(s).
INFO: [Opt 31-49] Retargeted 0 cell(s).
Phase 1 Retarget | Checksum: 14e1011c9

Time (s): cpu = 00:00:00 ; elapsed = 00:00:00.01 . Memory (MB): peak = 1708.246 ; gain = 0.000 ; free physical = 2572 ; free virtual = 12979

Phase 2 Constant propagation
INFO: [Opt 31-138] Pushed 0 inverter(s) to 0 load pin(s).
INFO: [Opt 31-10] Eliminated 0 cells.
Phase 2 Constant propagation | Checksum: 14e1011c9

Time (s): cpu = 00:00:00 ; elapsed = 00:00:00.01 . Memory (MB): peak = 1708.246 ; gain = 0.000 ; free physical = 2572 ; free virtual = 12979

Phase 3 Sweep
INFO: [Opt 31-12] Eliminated 0 unconnected nets.
INFO: [Opt 31-11] Eliminated 0 unconnected cells.
Phase 3 Sweep | Checksum: 14e1011c9

Time (s): cpu = 00:00:00 ; elapsed = 00:00:00.01 . Memory (MB): peak = 1708.246 ; gain = 0.000 ; free physical = 2572 ; free virtual = 12979

Phase 4 BUFG optimization
INFO: [Opt 31-12] Eliminated 0 unconnected nets.
INFO: [Opt 31-11] Eliminated 0 unconnected cells.
Phase 4 BUFG optimization | Checksum: 14e1011c9

Time (s): cpu = 00:00:00.01 ; elapsed = 00:00:00.01 . Memory (MB): peak = 1708.246 ; gain = 0.000 ; free physical = 2572 ; free virtual = 12979

Starting Connectivity Check Task

Time (s): cpu = 00:00:00 ; elapsed = 00:00:00.01 . Memory (MB): peak = 1708.246 ; gain = 0.000 ; free physical = 2572 ; free virtual = 12979
Ending Logic Optimization Task | Checksum: 14e1011c9

Time (s): cpu = 00:00:00.01 ; elapsed = 00:00:00.02 . Memory (MB): peak = 1708.246 ; gain = 0.000 ; free physical = 2572 ; free virtual = 12979

Starting Power Optimization Task
INFO: [Pwropt 34-132] Skipping clock gating for clocks with a period < 2.00 ns.
Ending Power Optimization Task | Checksum: 14e1011c9

Time (s): cpu = 00:00:00 ; elapsed = 00:00:00.01 . Memory (MB): peak = 1708.246 ; gain = 0.000 ; free physical = 2572 ; free virtual = 12979
INFO: [Common 17-83] Releasing license: Implementation
23 Infos, 0 Warnings, 0 Critical Warnings and 0 Errors encountered.
opt_design completed successfully
opt_design: Time (s): cpu = 00:00:08 ; elapsed = 00:00:08 . Memory (MB): peak = 1708.246 ; gain = 454.500 ; free physical = 2572 ; free virtual = 12979
INFO: [Common 17-1381] The checkpoint '/home/steven/Desktop/Lectures/3-2/DigitalSystem/PreLab01/PreLab01.runs/impl_1/Encoder_opt.dcp' has been generated.
INFO: [DRC 23-27] Running DRC with 4 threads
INFO: [Coretcl 2-168] The results of DRC are in file /home/steven/Desktop/Lectures/3-2/DigitalSystem/PreLab01/PreLab01.runs/impl_1/Encoder_drc_opted.rpt.
INFO: [Chipscope 16-241] No debug cores found in the current design.
Before running the implement_debug_core command, either use the Set Up Debug wizard (GUI mode)
or use the create_debug_core and connect_debug_core Tcl commands to insert debug cores into the design.
Command: place_design
Attempting to get a license for feature 'Implementation' and/or device 'xc7k70t'
INFO: [Common 17-349] Got license for feature 'Implementation' and/or device 'xc7k70t'
INFO: [DRC 23-27] Running DRC with 4 threads
INFO: [Vivado_Tcl 4-198] DRC finished with 0 Errors
INFO: [Vivado_Tcl 4-199] Please refer to the DRC report (report_drc) for more information.
Running DRC as a precondition to command place_design
INFO: [DRC 23-27] Running DRC with 4 threads
INFO: [Vivado_Tcl 4-198] DRC finished with 0 Errors
INFO: [Vivado_Tcl 4-199] Please refer to the DRC report (report_drc) for more information.

Starting Placer Task
INFO: [Place 30-611] Multithreading enabled for place_design using a maximum of 4 CPUs

Phase 1 Placer Initialization
Netlist sorting complete. Time (s): cpu = 00:00:00 ; elapsed = 00:00:00 . Memory (MB): peak = 1740.262 ; gain = 0.000 ; free physical = 2559 ; free virtual = 12970
Netlist sorting complete. Time (s): cpu = 00:00:00 ; elapsed = 00:00:00 . Memory (MB): peak = 1740.262 ; gain = 0.000 ; free physical = 2559 ; free virtual = 12971

Phase 1.1 IO Placement/ Clock Placement/ Build Placer Device
INFO: [Timing 38-35] Done setting XDC timing constraints.
Phase 1.1 IO Placement/ Clock Placement/ Build Placer Device | Checksum: 1752198f7

Time (s): cpu = 00:00:00.53 ; elapsed = 00:00:00.44 . Memory (MB): peak = 1763.262 ; gain = 23.000 ; free physical = 2548 ; free virtual = 12964

Phase 1.2 Build Placer Netlist Model
Phase 1.2 Build Placer Netlist Model | Checksum: 24b7e045c

Time (s): cpu = 00:00:00.57 ; elapsed = 00:00:00.45 . Memory (MB): peak = 1763.262 ; gain = 23.000 ; free physical = 2547 ; free virtual = 12964

Phase 1.3 Constrain Clocks/Macros
Phase 1.3 Constrain Clocks/Macros | Checksum: 24b7e045c

Time (s): cpu = 00:00:00.58 ; elapsed = 00:00:00.45 . Memory (MB): peak = 1763.262 ; gain = 23.000 ; free physical = 2547 ; free virtual = 12964
Phase 1 Placer Initialization | Checksum: 24b7e045c

Time (s): cpu = 00:00:00.60 ; elapsed = 00:00:00.46 . Memory (MB): peak = 1763.262 ; gain = 23.000 ; free physical = 2546 ; free virtual = 12964

Phase 2 Global Placement
Phase 2 Global Placement | Checksum: 242dd3397

Time (s): cpu = 00:00:02 ; elapsed = 00:00:00.80 . Memory (MB): peak = 1795.277 ; gain = 55.016 ; free physical = 2543 ; free virtual = 12962

Phase 3 Detail Placement

Phase 3.1 Commit Multi Column Macros
Phase 3.1 Commit Multi Column Macros | Checksum: 242dd3397

Time (s): cpu = 00:00:02 ; elapsed = 00:00:00.80 . Memory (MB): peak = 1795.277 ; gain = 55.016 ; free physical = 2543 ; free virtual = 12962

Phase 3.2 Commit Most Macros & LUTRAMs
Phase 3.2 Commit Most Macros & LUTRAMs | Checksum: 19de0bda1

Time (s): cpu = 00:00:02 ; elapsed = 00:00:00.82 . Memory (MB): peak = 1795.277 ; gain = 55.016 ; free physical = 2542 ; free virtual = 12962

Phase 3.3 Area Swap Optimization
Phase 3.3 Area Swap Optimization | Checksum: 1cd2d889e

Time (s): cpu = 00:00:02 ; elapsed = 00:00:00.82 . Memory (MB): peak = 1795.277 ; gain = 55.016 ; free physical = 2542 ; free virtual = 12962

Phase 3.4 Pipeline Register Optimization
Phase 3.4 Pipeline Register Optimization | Checksum: 1cd2d889e

Time (s): cpu = 00:00:02 ; elapsed = 00:00:00.83 . Memory (MB): peak = 1795.277 ; gain = 55.016 ; free physical = 2542 ; free virtual = 12962

Phase 3.5 Small Shape Detail Placement
Phase 3.5 Small Shape Detail Placement | Checksum: 173213cf9

Time (s): cpu = 00:00:02 ; elapsed = 00:00:01 . Memory (MB): peak = 1795.277 ; gain = 55.016 ; free physical = 2539 ; free virtual = 12960

Phase 3.6 Re-assign LUT pins
Phase 3.6 Re-assign LUT pins | Checksum: 173213cf9

Time (s): cpu = 00:00:02 ; elapsed = 00:00:01 . Memory (MB): peak = 1795.277 ; gain = 55.016 ; free physical = 2539 ; free virtual = 12960

Phase 3.7 Pipeline Register Optimization
Phase 3.7 Pipeline Register Optimization | Checksum: 173213cf9

Time (s): cpu = 00:00:02 ; elapsed = 00:00:01 . Memory (MB): peak = 1795.277 ; gain = 55.016 ; free physical = 2539 ; free virtual = 12960
Phase 3 Detail Placement | Checksum: 173213cf9

Time (s): cpu = 00:00:02 ; elapsed = 00:00:01 . Memory (MB): peak = 1795.277 ; gain = 55.016 ; free physical = 2539 ; free virtual = 12960

Phase 4 Post Placement Optimization and Clean-Up

Phase 4.1 Post Commit Optimization
Phase 4.1 Post Commit Optimization | Checksum: 173213cf9

Time (s): cpu = 00:00:03 ; elapsed = 00:00:01 . Memory (MB): peak = 1795.277 ; gain = 55.016 ; free physical = 2539 ; free virtual = 12960

Phase 4.2 Post Placement Cleanup
Phase 4.2 Post Placement Cleanup | Checksum: 173213cf9

Time (s): cpu = 00:00:03 ; elapsed = 00:00:01 . Memory (MB): peak = 1795.277 ; gain = 55.016 ; free physical = 2538 ; free virtual = 12960

Phase 4.3 Placer Reporting
Phase 4.3 Placer Reporting | Checksum: 173213cf9

Time (s): cpu = 00:00:03 ; elapsed = 00:00:01 . Memory (MB): peak = 1795.277 ; gain = 55.016 ; free physical = 2538 ; free virtual = 12960

Phase 4.4 Final Placement Cleanup
Phase 4.4 Final Placement Cleanup | Checksum: 173213cf9

Time (s): cpu = 00:00:03 ; elapsed = 00:00:01 . Memory (MB): peak = 1795.277 ; gain = 55.016 ; free physical = 2538 ; free virtual = 12960
Phase 4 Post Placement Optimization and Clean-Up | Checksum: 173213cf9

Time (s): cpu = 00:00:03 ; elapsed = 00:00:01 . Memory (MB): peak = 1795.277 ; gain = 55.016 ; free physical = 2538 ; free virtual = 12960
Ending Placer Task | Checksum: 165d00b27

Time (s): cpu = 00:00:03 ; elapsed = 00:00:01 . Memory (MB): peak = 1795.277 ; gain = 55.016 ; free physical = 2538 ; free virtual = 12960
INFO: [Common 17-83] Releasing license: Implementation
37 Infos, 0 Warnings, 0 Critical Warnings and 0 Errors encountered.
place_design completed successfully
Writing placer database...
Writing XDEF routing.
Writing XDEF routing logical nets.
Writing XDEF routing special nets.
Write XDEF Complete: Time (s): cpu = 00:00:00.05 ; elapsed = 00:00:00.04 . Memory (MB): peak = 1795.277 ; gain = 0.000 ; free physical = 2538 ; free virtual = 12960
INFO: [Common 17-1381] The checkpoint '/home/steven/Desktop/Lectures/3-2/DigitalSystem/PreLab01/PreLab01.runs/impl_1/Encoder_placed.dcp' has been generated.
report_io: Time (s): cpu = 00:00:00.13 ; elapsed = 00:00:00.16 . Memory (MB): peak = 1795.277 ; gain = 0.000 ; free physical = 2532 ; free virtual = 12954
report_utilization: Time (s): cpu = 00:00:00.07 ; elapsed = 00:00:00.09 . Memory (MB): peak = 1795.277 ; gain = 0.000 ; free physical = 2532 ; free virtual = 12954
report_control_sets: Time (s): cpu = 00:00:00.05 ; elapsed = 00:00:00.07 . Memory (MB): peak = 1795.277 ; gain = 0.000 ; free physical = 2531 ; free virtual = 12953
Command: route_design
Attempting to get a license for feature 'Implementation' and/or device 'xc7k70t'
INFO: [Common 17-349] Got license for feature 'Implementation' and/or device 'xc7k70t'
Running DRC as a precondition to command route_design
INFO: [DRC 23-27] Running DRC with 4 threads
INFO: [Vivado_Tcl 4-198] DRC finished with 0 Errors
INFO: [Vivado_Tcl 4-199] Please refer to the DRC report (report_drc) for more information.


Starting Routing Task
INFO: [Route 35-254] Multithreading enabled for route_design using a maximum of 4 CPUs
Checksum: PlaceDB: b9ae5863 ConstDB: 0 ShapeSum: ac21b2c4 RouteDB: 0

Phase 1 Build RT Design
Phase 1 Build RT Design | Checksum: 9d7ace42

Time (s): cpu = 00:00:10 ; elapsed = 00:00:07 . Memory (MB): peak = 1867.938 ; gain = 72.660 ; free physical = 2409 ; free virtual = 12834

Phase 2 Router Initialization
INFO: [Route 35-64] No timing constraints were detected. The router will operate in resource-optimization mode.

Phase 2.1 Fix Topology Constraints
Phase 2.1 Fix Topology Constraints | Checksum: 9d7ace42

Time (s): cpu = 00:00:10 ; elapsed = 00:00:07 . Memory (MB): peak = 1881.938 ; gain = 86.660 ; free physical = 2394 ; free virtual = 12820

Phase 2.2 Pre Route Cleanup
Phase 2.2 Pre Route Cleanup | Checksum: 9d7ace42

Time (s): cpu = 00:00:10 ; elapsed = 00:00:07 . Memory (MB): peak = 1881.938 ; gain = 86.660 ; free physical = 2394 ; free virtual = 12820
 Number of Nodes with overlaps = 0
Phase 2 Router Initialization | Checksum: ebee9666

Time (s): cpu = 00:00:10 ; elapsed = 00:00:07 . Memory (MB): peak = 1887.312 ; gain = 92.035 ; free physical = 2388 ; free virtual = 12815

Phase 3 Initial Routing
Phase 3 Initial Routing | Checksum: b7692e7c

Time (s): cpu = 00:00:11 ; elapsed = 00:00:07 . Memory (MB): peak = 1887.312 ; gain = 92.035 ; free physical = 2387 ; free virtual = 12814

Phase 4 Rip-up And Reroute

Phase 4.1 Global Iteration 0
 Number of Nodes with overlaps = 0
Phase 4.1 Global Iteration 0 | Checksum: 1199c0add

Time (s): cpu = 00:00:11 ; elapsed = 00:00:07 . Memory (MB): peak = 1887.312 ; gain = 92.035 ; free physical = 2387 ; free virtual = 12814
Phase 4 Rip-up And Reroute | Checksum: 1199c0add

Time (s): cpu = 00:00:11 ; elapsed = 00:00:07 . Memory (MB): peak = 1887.312 ; gain = 92.035 ; free physical = 2387 ; free virtual = 12814

Phase 5 Delay and Skew Optimization
Phase 5 Delay and Skew Optimization | Checksum: 1199c0add

Time (s): cpu = 00:00:11 ; elapsed = 00:00:07 . Memory (MB): peak = 1887.312 ; gain = 92.035 ; free physical = 2387 ; free virtual = 12814

Phase 6 Post Hold Fix

Phase 6.1 Hold Fix Iter
Phase 6.1 Hold Fix Iter | Checksum: 1199c0add

Time (s): cpu = 00:00:11 ; elapsed = 00:00:07 . Memory (MB): peak = 1887.312 ; gain = 92.035 ; free physical = 2387 ; free virtual = 12814
Phase 6 Post Hold Fix | Checksum: 1199c0add

Time (s): cpu = 00:00:11 ; elapsed = 00:00:07 . Memory (MB): peak = 1887.312 ; gain = 92.035 ; free physical = 2387 ; free virtual = 12814

Phase 7 Route finalize

Router Utilization Summary
  Global Vertical Routing Utilization    = 0.00077561 %
  Global Horizontal Routing Utilization  = 0.00136346 %
  Routable Net Status*
  *Does not include unroutable nets such as driverless and loadless.
  Run report_route_status for detailed report.
  Number of Failed Nets               = 0
  Number of Unrouted Nets             = 0
  Number of Partially Routed Nets     = 0
  Number of Node Overlaps             = 0

Congestion Report
North Dir 1x1 Area, Max Cong = 1.8018%, No Congested Regions.
South Dir 1x1 Area, Max Cong = 7.20721%, No Congested Regions.
East Dir 1x1 Area, Max Cong = 2.94118%, No Congested Regions.
West Dir 1x1 Area, Max Cong = 5.88235%, No Congested Regions.
Phase 7 Route finalize | Checksum: 1199c0add

Time (s): cpu = 00:00:11 ; elapsed = 00:00:07 . Memory (MB): peak = 1887.312 ; gain = 92.035 ; free physical = 2387 ; free virtual = 12814

Phase 8 Verifying routed nets

 Verification completed successfully
Phase 8 Verifying routed nets | Checksum: 1199c0add

Time (s): cpu = 00:00:11 ; elapsed = 00:00:07 . Memory (MB): peak = 1889.312 ; gain = 94.035 ; free physical = 2383 ; free virtual = 12810

Phase 9 Depositing Routes
Phase 9 Depositing Routes | Checksum: 19050b4ba

Time (s): cpu = 00:00:11 ; elapsed = 00:00:07 . Memory (MB): peak = 1889.312 ; gain = 94.035 ; free physical = 2383 ; free virtual = 12810
INFO: [Route 35-16] Router Completed Successfully

Time (s): cpu = 00:00:11 ; elapsed = 00:00:07 . Memory (MB): peak = 1889.312 ; gain = 94.035 ; free physical = 2383 ; free virtual = 12810

Routing Is Done.
INFO: [Common 17-83] Releasing license: Implementation
46 Infos, 0 Warnings, 0 Critical Warnings and 0 Errors encountered.
route_design completed successfully
route_design: Time (s): cpu = 00:00:11 ; elapsed = 00:00:07 . Memory (MB): peak = 1889.441 ; gain = 94.164 ; free physical = 2383 ; free virtual = 12810
Writing placer database...
Writing XDEF routing.
Writing XDEF routing logical nets.
Writing XDEF routing special nets.
Write XDEF Complete: Time (s): cpu = 00:00:00 ; elapsed = 00:00:00.01 . Memory (MB): peak = 1889.441 ; gain = 0.000 ; free physical = 2383 ; free virtual = 12810
INFO: [Common 17-1381] The checkpoint '/home/steven/Desktop/Lectures/3-2/DigitalSystem/PreLab01/PreLab01.runs/impl_1/Encoder_routed.dcp' has been generated.
INFO: [DRC 23-27] Running DRC with 4 threads
INFO: [Coretcl 2-168] The results of DRC are in file /home/steven/Desktop/Lectures/3-2/DigitalSystem/PreLab01/PreLab01.runs/impl_1/Encoder_drc_routed.rpt.
INFO: [Timing 38-35] Done setting XDC timing constraints.
INFO: [DRC 23-133] Running Methodology with 4 threads
INFO: [Coretcl 2-1520] The results of Report Methodology are in file /home/steven/Desktop/Lectures/3-2/DigitalSystem/PreLab01/PreLab01.runs/impl_1/Encoder_methodology_drc_routed.rpt.
INFO: [Timing 38-35] Done setting XDC timing constraints.
INFO: [Timing 38-91] UpdateTimingParams: Speed grade: -1, Delay Type: min_max.
INFO: [Timing 38-191] Multithreading enabled for timing update using a maximum of 4 CPUs
INFO: [Timing 38-35] Done setting XDC timing constraints.
WARNING: [Timing 38-313] There are no user specified timing constraints. Timing constraints are needed for proper timing analysis.
Command: report_power -file Encoder_power_routed.rpt -pb Encoder_power_summary_routed.pb -rpx Encoder_power_routed.rpx
WARNING: [Power 33-232] No user defined clocks were found in the design!
Resolution: Please specify clocks using create_clock/create_generated_clock for sequential elements. For pure combinatorial circuits, please specify a virtual clock, otherwise the vectorless estimation might be inaccurate
Running Vector-less Activity Propagation...

Finished Running Vector-less Activity Propagation
56 Infos, 2 Warnings, 0 Critical Warnings and 0 Errors encountered.
report_power completed successfully
INFO: [Common 17-206] Exiting Vivado at Fri Sep  8 21:05:42 2017...
